[debug] [2024-06-25T09:34:21.860Z] ----------------------------------------------------------------------
[debug] [2024-06-25T09:34:21.862Z] Command:       /usr/local/share/nvm/versions/node/v20.14.0/bin/node /home/codespace/nvm/current/bin/firebase login
[debug] [2024-06-25T09:34:21.862Z] CLI Version:   13.11.4
[debug] [2024-06-25T09:34:21.862Z] Platform:      linux
[debug] [2024-06-25T09:34:21.862Z] Node Version:  v20.14.0
[debug] [2024-06-25T09:34:21.863Z] Time:          Tue Jun 25 2024 09:34:21 GMT+0000 (Coordinated Universal Time)
[debug] [2024-06-25T09:34:21.863Z] Env Overrides: GITHUB_API_URL
[debug] [2024-06-25T09:34:21.863Z] ----------------------------------------------------------------------
[debug] 
[debug] [2024-06-25T09:34:21.865Z] >>> [apiv2][query] GET https://firebase-public.firebaseio.com/cli.json [none]
[info] i  Firebase optionally collects CLI and Emulator Suite usage and error reporting information to help improve our products. Data is collected in accordance with Google's privacy policy (https://policies.google.com/privacy) and is not used to identify you.
 
[debug] [2024-06-25T09:34:22.477Z] <<< [apiv2][status] GET https://firebase-public.firebaseio.com/cli.json 200
[debug] [2024-06-25T09:34:22.478Z] <<< [apiv2][body] GET https://firebase-public.firebaseio.com/cli.json {"cloudBuildErrorAfter":1594252800000,"cloudBuildWarnAfter":1590019200000,"defaultNode10After":1594252800000,"minVersion":"3.0.5","node8DeploysDisabledAfter":1613390400000,"node8RuntimeDisabledAfter":1615809600000,"node8WarnAfter":1600128000000}
[info] i  To change your data collection preference at any time, run `firebase logout` and log in again. 
[debug] [2024-06-25T09:34:25.012Z] >>> [apiv2][query] POST https://auth.firebase.tools/attest [none]
[debug] [2024-06-25T09:34:25.013Z] >>> [apiv2][body] POST https://auth.firebase.tools/attest {"session_id":"70b3035c-de93-44ad-b626-746b1687d3fb"}
[debug] [2024-06-25T09:34:25.687Z] <<< [apiv2][status] POST https://auth.firebase.tools/attest 200
[debug] [2024-06-25T09:34:25.687Z] <<< [apiv2][body] POST https://auth.firebase.tools/attest {"token":"rQBFviTKZ88wgsX4kgoSaOE70FPctkhWhhAm60ApCV4"}
[info] 
[info] To sign in to the Firebase CLI:
[info] 
[info] 1. Take note of your session ID:
[info] 
[info]    70B30
[info] 
[info] 2. Visit the URL below on any device and follow the instructions to get your code:
[info] 
[info]    https://auth.firebase.tools/login?code_challenge=ejj8F9f1vwY7ErXE1tycILQNG8GprrqmDd7P8QB2xFw&session=70b3035c-de93-44ad-b626-746b1687d3fb&attest=rQBFviTKZ88wgsX4kgoSaOE70FPctkhWhhAm60ApCV4
[info] 
[info] 3. Paste or enter the authorization code below once you have it:
[info] 
